0 info it worked if it ends with ok
1 verbose cli [ 'node', '/usr/local/bin/npm', 'install', '-g', 'mup' ]
2 info using npm@1.4.6
3 info using node@v0.8.19
4 verbose cache add [ 'mup', null ]
5 verbose cache add name=undefined spec="mup" args=["mup",null]
6 verbose parsed url { pathname: 'mup', path: 'mup', href: 'mup' }
7 silly lockFile 19bdb584-mup mup
8 verbose lock mup /Users/georgediab/.npm/19bdb584-mup.lock
9 silly lockFile 19bdb584-mup mup
10 silly lockFile 19bdb584-mup mup
11 verbose addNamed [ 'mup', '' ]
12 verbose addNamed [ null, '*' ]
13 silly lockFile 49f77549-mup mup@
14 verbose lock mup@ /Users/georgediab/.npm/49f77549-mup.lock
15 silly addNameRange { name: 'mup', range: '*', hasData: false }
16 verbose url raw mup
17 verbose url resolving [ 'https://registry.npmjs.org/', './mup' ]
18 verbose url resolved https://registry.npmjs.org/mup
19 info trying registry request attempt 1 at 23:17:34
20 http GET https://registry.npmjs.org/mup
21 http 200 https://registry.npmjs.org/mup
22 silly registry.get cb [ 200,
22 silly registry.get   { date: 'Fri, 23 May 2014 06:17:35 GMT',
22 silly registry.get     server: 'CouchDB/1.5.0 (Erlang OTP/R14B04)',
22 silly registry.get     etag: '"NX0H7TGGRXDPHXE7K2T5I4CI"',
22 silly registry.get     'content-type': 'application/json',
22 silly registry.get     via: '1.1 varnish',
22 silly registry.get     'cache-control': 'max-age=1',
22 silly registry.get     'content-length': '25920',
22 silly registry.get     'accept-ranges': 'bytes',
22 silly registry.get     age: '0',
22 silly registry.get     'x-served-by': 'cache-v42-ASH, cache-lax1421-LAX',
22 silly registry.get     'x-cache': 'MISS, MISS',
22 silly registry.get     'x-cache-hits': '0, 0',
22 silly registry.get     'x-timer': 'S1400825855.135921,VS0,VE254',
22 silly registry.get     vary: 'Accept',
22 silly registry.get     'keep-alive': 'timeout=10, max=50',
22 silly registry.get     connection: 'Keep-Alive' } ]
23 silly addNameRange number 2 { name: 'mup', range: '*', hasData: true }
24 silly addNameRange versions [ 'mup',
24 silly addNameRange   [ '0.1.2',
24 silly addNameRange     '0.1.3',
24 silly addNameRange     '0.1.4',
24 silly addNameRange     '0.1.5',
24 silly addNameRange     '0.1.6',
24 silly addNameRange     '0.1.7',
24 silly addNameRange     '0.1.8',
24 silly addNameRange     '0.1.9',
24 silly addNameRange     '0.1.10',
24 silly addNameRange     '0.1.11',
24 silly addNameRange     '0.1.12',
24 silly addNameRange     '0.1.13',
24 silly addNameRange     '0.2.0',
24 silly addNameRange     '0.3.0',
24 silly addNameRange     '0.4.0',
24 silly addNameRange     '0.4.1',
24 silly addNameRange     '0.4.2',
24 silly addNameRange     '0.4.3',
24 silly addNameRange     '0.4.4',
24 silly addNameRange     '0.4.5' ] ]
25 verbose addNamed [ 'mup', '0.4.5' ]
26 verbose addNamed [ '0.4.5', '0.4.5' ]
27 silly lockFile 5b5b0e54-mup-0-4-5 mup@0.4.5
28 verbose lock mup@0.4.5 /Users/georgediab/.npm/5b5b0e54-mup-0-4-5.lock
29 silly lockFile e2c53159-stry-npmjs-org-mup-mup-0-4-5-tgz https://registry.npmjs.org/mup/-/mup-0.4.5.tgz
30 verbose lock https://registry.npmjs.org/mup/-/mup-0.4.5.tgz /Users/georgediab/.npm/e2c53159-stry-npmjs-org-mup-mup-0-4-5-tgz.lock
31 verbose addRemoteTarball [ 'https://registry.npmjs.org/mup/-/mup-0.4.5.tgz',
31 verbose addRemoteTarball   '1e85bb4948d4eba80f253afd692bead34e5ad0db' ]
32 info retry fetch attempt 1 at 23:17:35
33 verbose fetch to= /var/folders/v_/tqw2z_7s1_xbwjvy1dh2zyx80000gn/T/npm-9813-GM53ZBEQ/1400825855588-0.6116383192129433/tmp.tgz
34 http GET https://registry.npmjs.org/mup/-/mup-0.4.5.tgz
35 http 200 https://registry.npmjs.org/mup/-/mup-0.4.5.tgz
36 verbose tar unpack /var/folders/v_/tqw2z_7s1_xbwjvy1dh2zyx80000gn/T/npm-9813-GM53ZBEQ/1400825855588-0.6116383192129433/tmp.tgz
37 silly lockFile 79c96084-55588-0-6116383192129433-package tar:///var/folders/v_/tqw2z_7s1_xbwjvy1dh2zyx80000gn/T/npm-9813-GM53ZBEQ/1400825855588-0.6116383192129433/package
38 verbose lock tar:///var/folders/v_/tqw2z_7s1_xbwjvy1dh2zyx80000gn/T/npm-9813-GM53ZBEQ/1400825855588-0.6116383192129433/package /Users/georgediab/.npm/79c96084-55588-0-6116383192129433-package.lock
39 silly lockFile 39563fab-55588-0-6116383192129433-tmp-tgz tar:///var/folders/v_/tqw2z_7s1_xbwjvy1dh2zyx80000gn/T/npm-9813-GM53ZBEQ/1400825855588-0.6116383192129433/tmp.tgz
40 verbose lock tar:///var/folders/v_/tqw2z_7s1_xbwjvy1dh2zyx80000gn/T/npm-9813-GM53ZBEQ/1400825855588-0.6116383192129433/tmp.tgz /Users/georgediab/.npm/39563fab-55588-0-6116383192129433-tmp-tgz.lock
41 silly gunzTarPerm modes [ '755', '644' ]
42 silly gunzTarPerm extractEntry package.json
43 silly gunzTarPerm extractEntry README.md
44 silly gunzTarPerm extractEntry bin/mup
45 silly gunzTarPerm extractEntry example/mup.json
46 silly gunzTarPerm extractEntry example/settings.json
47 silly gunzTarPerm extractEntry lib/actions.js
48 silly gunzTarPerm extractEntry lib/config.js
49 silly gunzTarPerm extractEntry lib/helpers.js
50 silly gunzTarPerm extractEntry lib/taskLists.js
51 silly gunzTarPerm extractEntry scripts/install-mongodb.sh
52 silly gunzTarPerm extractEntry scripts/install-node.sh
53 silly gunzTarPerm extractEntry scripts/install-phantomjs.sh
54 silly gunzTarPerm extractEntry scripts/setup-env.sh
55 silly gunzTarPerm extractEntry templates/deploy.sh
56 silly gunzTarPerm extractEntry templates/env.sh
57 silly gunzTarPerm extractEntry templates/meteor.conf
58 silly gunzTarPerm extractEntry templates/mongodb.conf
59 silly lockFile 79c96084-55588-0-6116383192129433-package tar:///var/folders/v_/tqw2z_7s1_xbwjvy1dh2zyx80000gn/T/npm-9813-GM53ZBEQ/1400825855588-0.6116383192129433/package
60 silly lockFile 79c96084-55588-0-6116383192129433-package tar:///var/folders/v_/tqw2z_7s1_xbwjvy1dh2zyx80000gn/T/npm-9813-GM53ZBEQ/1400825855588-0.6116383192129433/package
61 silly lockFile 39563fab-55588-0-6116383192129433-tmp-tgz tar:///var/folders/v_/tqw2z_7s1_xbwjvy1dh2zyx80000gn/T/npm-9813-GM53ZBEQ/1400825855588-0.6116383192129433/tmp.tgz
62 silly lockFile 39563fab-55588-0-6116383192129433-tmp-tgz tar:///var/folders/v_/tqw2z_7s1_xbwjvy1dh2zyx80000gn/T/npm-9813-GM53ZBEQ/1400825855588-0.6116383192129433/tmp.tgz
63 verbose tar pack [ '/Users/georgediab/.npm/mup/0.4.5/package.tgz',
63 verbose tar pack   '/var/folders/v_/tqw2z_7s1_xbwjvy1dh2zyx80000gn/T/npm-9813-GM53ZBEQ/1400825855588-0.6116383192129433/package' ]
64 verbose tarball /Users/georgediab/.npm/mup/0.4.5/package.tgz
65 verbose folder /var/folders/v_/tqw2z_7s1_xbwjvy1dh2zyx80000gn/T/npm-9813-GM53ZBEQ/1400825855588-0.6116383192129433/package
66 silly lockFile 79c96084-55588-0-6116383192129433-package tar:///var/folders/v_/tqw2z_7s1_xbwjvy1dh2zyx80000gn/T/npm-9813-GM53ZBEQ/1400825855588-0.6116383192129433/package
67 verbose lock tar:///var/folders/v_/tqw2z_7s1_xbwjvy1dh2zyx80000gn/T/npm-9813-GM53ZBEQ/1400825855588-0.6116383192129433/package /Users/georgediab/.npm/79c96084-55588-0-6116383192129433-package.lock
68 silly lockFile 6bdf8d39-gediab-npm-mup-0-4-5-package-tgz tar:///Users/georgediab/.npm/mup/0.4.5/package.tgz
69 verbose lock tar:///Users/georgediab/.npm/mup/0.4.5/package.tgz /Users/georgediab/.npm/6bdf8d39-gediab-npm-mup-0-4-5-package-tgz.lock
70 silly lockFile 79c96084-55588-0-6116383192129433-package tar:///var/folders/v_/tqw2z_7s1_xbwjvy1dh2zyx80000gn/T/npm-9813-GM53ZBEQ/1400825855588-0.6116383192129433/package
71 silly lockFile 79c96084-55588-0-6116383192129433-package tar:///var/folders/v_/tqw2z_7s1_xbwjvy1dh2zyx80000gn/T/npm-9813-GM53ZBEQ/1400825855588-0.6116383192129433/package
72 silly lockFile 6bdf8d39-gediab-npm-mup-0-4-5-package-tgz tar:///Users/georgediab/.npm/mup/0.4.5/package.tgz
73 silly lockFile 6bdf8d39-gediab-npm-mup-0-4-5-package-tgz tar:///Users/georgediab/.npm/mup/0.4.5/package.tgz
74 silly lockFile fb7c3065-georgediab-npm-mup-0-4-5-package /Users/georgediab/.npm/mup/0.4.5/package
75 verbose lock /Users/georgediab/.npm/mup/0.4.5/package /Users/georgediab/.npm/fb7c3065-georgediab-npm-mup-0-4-5-package.lock
76 silly lockFile fb7c3065-georgediab-npm-mup-0-4-5-package /Users/georgediab/.npm/mup/0.4.5/package
77 silly lockFile fb7c3065-georgediab-npm-mup-0-4-5-package /Users/georgediab/.npm/mup/0.4.5/package
78 verbose tar unpack /Users/georgediab/.npm/mup/0.4.5/package.tgz
79 silly lockFile 5fc3f4da-georgediab-npm-mup-0-4-5-package tar:///Users/georgediab/.npm/mup/0.4.5/package
80 verbose lock tar:///Users/georgediab/.npm/mup/0.4.5/package /Users/georgediab/.npm/5fc3f4da-georgediab-npm-mup-0-4-5-package.lock
81 silly lockFile 6bdf8d39-gediab-npm-mup-0-4-5-package-tgz tar:///Users/georgediab/.npm/mup/0.4.5/package.tgz
82 verbose lock tar:///Users/georgediab/.npm/mup/0.4.5/package.tgz /Users/georgediab/.npm/6bdf8d39-gediab-npm-mup-0-4-5-package-tgz.lock
83 silly gunzTarPerm modes [ '755', '644' ]
84 silly gunzTarPerm extractEntry package.json
85 silly gunzTarPerm extractEntry README.md
86 silly gunzTarPerm extractEntry bin/mup
87 silly gunzTarPerm extractEntry example/mup.json
88 silly gunzTarPerm extractEntry example/settings.json
89 silly gunzTarPerm extractEntry lib/actions.js
90 silly gunzTarPerm extractEntry lib/config.js
91 silly gunzTarPerm extractEntry lib/helpers.js
92 silly gunzTarPerm extractEntry lib/taskLists.js
93 silly gunzTarPerm extractEntry scripts/install-mongodb.sh
94 silly gunzTarPerm extractEntry scripts/install-node.sh
95 silly gunzTarPerm extractEntry scripts/install-phantomjs.sh
96 silly gunzTarPerm extractEntry scripts/setup-env.sh
97 silly gunzTarPerm extractEntry templates/deploy.sh
98 silly gunzTarPerm extractEntry templates/env.sh
99 silly gunzTarPerm extractEntry templates/meteor.conf
100 silly gunzTarPerm extractEntry templates/mongodb.conf
101 silly lockFile 5fc3f4da-georgediab-npm-mup-0-4-5-package tar:///Users/georgediab/.npm/mup/0.4.5/package
102 silly lockFile 5fc3f4da-georgediab-npm-mup-0-4-5-package tar:///Users/georgediab/.npm/mup/0.4.5/package
103 silly lockFile 6bdf8d39-gediab-npm-mup-0-4-5-package-tgz tar:///Users/georgediab/.npm/mup/0.4.5/package.tgz
104 silly lockFile 6bdf8d39-gediab-npm-mup-0-4-5-package-tgz tar:///Users/georgediab/.npm/mup/0.4.5/package.tgz
105 verbose chmod /Users/georgediab/.npm/mup/0.4.5/package.tgz 644
106 verbose chown /Users/georgediab/.npm/mup/0.4.5/package.tgz [ 501, 20 ]
107 silly lockFile e2c53159-stry-npmjs-org-mup-mup-0-4-5-tgz https://registry.npmjs.org/mup/-/mup-0.4.5.tgz
108 silly lockFile e2c53159-stry-npmjs-org-mup-mup-0-4-5-tgz https://registry.npmjs.org/mup/-/mup-0.4.5.tgz
109 silly lockFile 5b5b0e54-mup-0-4-5 mup@0.4.5
110 silly lockFile 5b5b0e54-mup-0-4-5 mup@0.4.5
111 silly lockFile 49f77549-mup mup@
112 silly lockFile 49f77549-mup mup@
113 silly resolved [ { name: 'mup',
113 silly resolved     version: '0.4.5',
113 silly resolved     description: 'Production Quality Meteor Deployments',
113 silly resolved     dependencies:
113 silly resolved      { nodemiral: '0.3.x',
113 silly resolved        cjson: '0.3.x',
113 silly resolved        uuid: '1.4.x',
113 silly resolved        colors: '0.6.x' },
113 silly resolved     bin: { mup: './bin/mup' },
113 silly resolved     author:
113 silly resolved      { name: 'Arunoda Susiripala',
113 silly resolved        email: 'arunoda.susiripala@gmail.com' },
113 silly resolved     repository: { type: 'git', url: 'git://github.com/arunoda/meteor-up.git' },
113 silly resolved     license: 'MIT',
113 silly resolved     readme: '# Meteor Up\n\n#### Production Quality Meteor Deployments\n\nMeteor Up (mup for short) is a command line tool that allows you to deploy any meteor app into your own server. It supports Ubuntu 12.04 or higher servers from any Cloud Infrastructure Provider.\n\n**Table of Contents**\n\n- [Features](#features)\n- [Server Configuration](#server-configuration)\n- [Installation](#installation)\n- [Creating a Meteor Up Project](#creating-a-meteor-up-project)\n- [Example File](#example-file)\n- [Setting Up a Server](#setting-up-a-server)\n    - [Server Setup Details](#server-setup-details)\n- [Deploying an App](#deploying-an-app)\n    - [Deploy Wait Time](#deploy-wait-time)\n    - [Multiple Deployment Targets](#multiple-deployment-targets)\n- [Access Logs](#access-logs)\n- [Reconfiguring & Restarting](#reconfiguring--restarting)\n- [Multiple Deployments](#multiple-deployments)\n- [Binary NPM Modules](#binary-npm-modules)\n\n### Features\n\n* Single command server setup\n* Single command deployment\n* Environmental Variables management\n* Support for [`settings.json`](http://docs.meteor.com/#meteor_settings)\n* Password or Private Key(pem) based server authentication\n* Access, logs from the terminal (supports log tailing)\n* Support for multiple meteor deployments\n\n### Server Configuration\n\n* Auto-Restart if the app crashed (using forever)\n* Auto-Start after the server reboot (using upstart)\n* Stepdown User Privileges\n* Revert to the previous version, if the deployment failed\n* Support for **Hot Code Reload**\n* Secured MongoDB Installation (Optional)\n* Pre-Installed PhantomJS (Optional)\n\n### Installation\n\n    npm install -g mup\n\nIf you are looking for password based authentication, you need to [install sshpass](https://gist.github.com/arunoda/7790979) on your local development machine.\n\n### Creating a Meteor Up Project\n\n    mkdir ~/my-meteor-deployment\n    cd ~/my-meteor-deployment\n    mup init\n\nThis will create two files in your Meteor Up project directory, which are:\n\n  * mup.json - Meteor Up configuration file\n  * settings.json - Settings for Meteor\'s [settings API](http://docs.meteor.com/#meteor_settings)\n\n`mup.json` is commented and easy to follow (it supports JavaScript comments)\n\n### Example File\n\n```js\n{\n  // Server authentication info\n  "servers": [\n    {\n      "host": "hostname",\n      "username": "root",\n      "password": "password"\n      // or pem file (ssh based authentication)\n      //"pem": "~/.ssh/id_rsa"\n    }\n  ],\n\n  // Install MongoDB in the server, does not destroy local MongoDB on future setup\n  "setupMongo": true,\n\n  // WARNING: Node.js is required! Only skip if you already have Node.js installed on server.\n  "setupNode": true,\n\n  // WARNING: If nodeVersion omitted will setup 0.10.25 by default. Do not use v, only version number.\n  "nodeVersion": "0.10.25",\n\n  // Install PhantomJS in the server\n  "setupPhantom": true,\n\n  // Application name (No spaces)\n  "appName": "meteor",\n\n  // Location of app (local directory)\n  "app": "/Users/arunoda/Meteor/my-app",\n\n  // Configure environment\n  "env": {\n    "PORT": 80,\n    "ROOT_URL": "http://myapp.com",\n    "MONGO_URL": "mongodb://arunoda:fd8dsjsfh7@hanso.mongohq.com:10023/MyApp",\n    "MAIL_URL": "smtp://postmaster%40myapp.mailgun.org:adj87sjhd7s@smtp.mailgun.org:587/"\n  },\n\n  // Meteor Up checks if the app comes online just after the deployment\n  // before mup checks that, it will wait for no. of seconds configured below\n  "deployCheckWaitTime": 15\n}\n```\n\n### Setting Up a Server\n\n    mup setup\n\nThis will setup the server for the mup deployments. It will take around 2-5 minutes depending on the server\'s performance and network availability.\n\n#### Server Setup Details\n\nThis is how Meteor Up will configure the server for you based on the given appName or using "meteor" as default appName. This information will help you to customize server for your needs.\n\n* your app is lives in `/opt/<appName>/app`\n* mup uses upstart with a config file at `/etc/init/<appName>.conf`\n* you can start and stop the app with upstart: `start <appName>` and `stop <appName>`\n* logs are located at: `/var/log/upstart/app.log`\n* MongoDB installed and bind to the local interface (cannot access from the outside)\n* `<appName>` is the name of the database\n\nFor more information see [`lib/taskLists.js`](https://github.com/arunoda/meteor-up/blob/master/lib/taskLists.js).\n\n### Deploying an App\n\n    mup deploy\n\nThis will bundle the meteor project and deploy it to the server.\n\n#### Deploy Wait Time\n\nMeteor Up checks for if the deployment is successful or not just after the deployment. By default, it will wait 10 seconds before the check. You can configure the wait time with `deployCheckWaitTime` option in the `mup.json`\n\n#### Multiple Deployment Targets\n\nYou can use an array to deploy to multiple servers at once. \n\nTo deploy to *different* environments (e.g. staging, production, etc.), use separate Meteor Up configurations in separate directories, with each directory containing separate `mup.json` and `settings.json` files, and the `mup.json` files\' `app` field pointing back to your app\'s local directory. \n\n#### Custom Meteor Binary\n\nSometime, you might be using Meteor from a git checkout or using `mrt`. By default Meteor Up uses `meteor`. You can ask Meteor Up to use the correct binary with `meteorBinary` option.\n\n~~~js\n{\n  ...\n  "meteorBinary": "~/bin/meteor/meteor"\n  ...\n}\n~~~\n\n### Access Logs\n\n    mup logs -f\n\nMup can tail logs from the server and it supports all the options of `tail`\n\n### Reconfiguring & Restarting\n\nAfter you\'ve edit environmental variables or settings.json, you can reconfigure the app without deploying again. Use following command for that.\n\n    mup reconfig\n\nThis will also restart the app, so you can use it for that purpose even if you didn\'t change the configuration file. \n\n### Multiple Deployments\n\nMeteor Up supports multiple deployments into a single server. Meteor Up only does the deployment; if you need to configure subdomains, you need to manually setup a reverse proxy yourself.\n\nLet\'s assume, we need to deploy a production and the staging versions of the app into the same server. Production App runs on the PORT 80 and staging app run on PORT 8000.\n\nWe need to have two separate Meteor Up Projects. For that create two directories and initialize Meteor Up and add necessary configurations.\n\nIn the staging configurations add a field called `appName` with the value `staging` into the `mup.json`. You can add any name you prefer instead of `staging`. Since we are running our staging app in port 8000, add an environment variable called `PORT` with the value 3000.\n\nNow setup both projects and deploy as you need.\n\n### Binary NPM Modules\n\nIf you are using binary npm modules either with meteor-npm or with some other package you can\'t deploy and run your app by default. That\'s because, binaries in the bundle are not compatible with your deployment environment.\n\nSo, you need to specify binary modules and which packages are then as shown below in your `mup.json`.\n\n~~~json\n{\n  ...\n\n  "binaryNpmModules": {\n    "meteor-package-name": ["npm-module1", "npm-module2"]\n  } \n\n  ...\n}\n~~~\n',
113 silly resolved     readmeFilename: 'README.md',
113 silly resolved     bugs: { url: 'https://github.com/arunoda/meteor-up/issues' },
113 silly resolved     homepage: 'https://github.com/arunoda/meteor-up',
113 silly resolved     _id: 'mup@0.4.5',
113 silly resolved     dist: { shasum: '1e85bb4948d4eba80f253afd692bead34e5ad0db' },
113 silly resolved     _from: 'mup@',
113 silly resolved     _resolved: 'https://registry.npmjs.org/mup/-/mup-0.4.5.tgz' } ]
114 info install mup@0.4.5 into /usr/local/lib
115 info installOne mup@0.4.5
116 info /usr/local/lib/node_modules/mup unbuild
117 verbose tar unpack /Users/georgediab/.npm/mup/0.4.5/package.tgz
118 silly lockFile de4b26ee-r-usr-local-lib-node-modules-mup tar:///usr/local/lib/node_modules/mup
119 verbose lock tar:///usr/local/lib/node_modules/mup /Users/georgediab/.npm/de4b26ee-r-usr-local-lib-node-modules-mup.lock
120 silly lockFile 6bdf8d39-gediab-npm-mup-0-4-5-package-tgz tar:///Users/georgediab/.npm/mup/0.4.5/package.tgz
121 verbose lock tar:///Users/georgediab/.npm/mup/0.4.5/package.tgz /Users/georgediab/.npm/6bdf8d39-gediab-npm-mup-0-4-5-package-tgz.lock
122 silly gunzTarPerm modes [ '755', '644' ]
123 error Error: EACCES, mkdir '/usr/local/lib/node_modules/mup'
123 error  { [Error: EACCES, mkdir '/usr/local/lib/node_modules/mup']
123 error   errno: 3,
123 error   code: 'EACCES',
123 error   path: '/usr/local/lib/node_modules/mup',
123 error   fstream_type: 'Directory',
123 error   fstream_path: '/usr/local/lib/node_modules/mup',
123 error   fstream_class: 'DirWriter',
123 error   fstream_stack:
123 error    [ 'DirWriter._create (/usr/local/lib/node_modules/npm/node_modules/fstream/lib/dir-writer.js:36:23)',
123 error      '/usr/local/lib/node_modules/npm/node_modules/mkdirp/index.js:37:53',
123 error      'Object.oncomplete (fs.js:297:15)' ] }
124 error Please try running this command again as root/Administrator.
125 error System Darwin 13.2.0
126 error command "node" "/usr/local/bin/npm" "install" "-g" "mup"
127 error cwd /Users/georgediab/openfloor/client
128 error node -v v0.8.19
129 error npm -v 1.4.6
130 error path /usr/local/lib/node_modules/mup
131 error fstream_path /usr/local/lib/node_modules/mup
132 error fstream_type Directory
133 error fstream_class DirWriter
134 error code EACCES
135 error errno 3
136 error stack Error: EACCES, mkdir '/usr/local/lib/node_modules/mup'
137 error fstream_stack DirWriter._create (/usr/local/lib/node_modules/npm/node_modules/fstream/lib/dir-writer.js:36:23)
137 error fstream_stack /usr/local/lib/node_modules/npm/node_modules/mkdirp/index.js:37:53
137 error fstream_stack Object.oncomplete (fs.js:297:15)
138 verbose exit [ 3, true ]
